[0m22:58:03.218231 [debug] [MainThread]: Sending event: {'category': 'dbt', 'action': 'invocation', 'label': 'start', 'context': [<snowplow_tracker.self_describing_json.SelfDescribingJson object at 0x107fd7620>, <snowplow_tracker.self_describing_json.SelfDescribingJson object at 0x108ff34d0>, <snowplow_tracker.self_describing_json.SelfDescribingJson object at 0x108ff3750>]}


============================== 22:58:03.222095 | 7df3b377-d01f-4983-9b2d-a7cfc74625ad ==============================
[0m22:58:03.222095 [info ] [MainThread]: Running with dbt=1.10.0
[0m22:58:03.222469 [debug] [MainThread]: running dbt with arguments {'printer_width': '80', 'indirect_selection': 'eager', 'log_cache_events': 'False', 'write_json': 'True', 'partial_parse': 'True', 'cache_selected_only': 'False', 'warn_error': 'None', 'fail_fast': 'False', 'version_check': 'True', 'log_path': 'logs', 'profiles_dir': '/Users/denrobin0/.dbt', 'debug': 'False', 'use_colors': 'True', 'use_experimental_parser': 'False', 'empty': 'False', 'quiet': 'False', 'no_print': 'None', 'warn_error_options': 'WarnErrorOptionsV2(error=[], warn=[], silence=[])', 'static_parser': 'True', 'log_format': 'default', 'invocation_command': 'dbt run', 'target_path': 'None', 'introspect': 'True', 'send_anonymous_usage_stats': 'True'}
[0m22:58:03.222868 [error] [MainThread]: Encountered an error:
Runtime Error
  No dbt_project.yml found at expected path /Users/denrobin0/Documents/data_learning/interview_work/data-testing-framework/dbt_project.yml
  Verify that each entry within packages.yml (and their transitive dependencies) contains a file named dbt_project.yml
  
[0m22:58:03.243426 [debug] [MainThread]: Resource report: {"command_name": "run", "command_success": false, "command_wall_clock_time": 0.10886783, "process_in_blocks": "0", "process_kernel_time": 0.231499, "process_mem_max_rss": "113180672", "process_out_blocks": "0", "process_user_time": 0.729466}
[0m22:58:03.243896 [debug] [MainThread]: Command `dbt run` failed at 22:58:03.243829 after 0.11 seconds
[0m22:58:03.244153 [debug] [MainThread]: Sending event: {'category': 'dbt', 'action': 'invocation', 'label': 'end', 'context': [<snowplow_tracker.self_describing_json.SelfDescribingJson object at 0x1090548a0>, <snowplow_tracker.self_describing_json.SelfDescribingJson object at 0x108eab890>, <snowplow_tracker.self_describing_json.SelfDescribingJson object at 0x108ea7570>]}
[0m22:58:03.244402 [debug] [MainThread]: Flushing usage events
[0m22:58:03.696415 [debug] [MainThread]: An error was encountered while trying to flush usage events
[0m23:14:06.505554 [debug] [MainThread]: Sending event: {'category': 'dbt', 'action': 'invocation', 'label': 'start', 'context': [<snowplow_tracker.self_describing_json.SelfDescribingJson object at 0x105113620>, <snowplow_tracker.self_describing_json.SelfDescribingJson object at 0x1067234d0>, <snowplow_tracker.self_describing_json.SelfDescribingJson object at 0x106723750>]}


============================== 23:14:06.509860 | 4f54b044-0a45-4f11-969d-9a287be66b67 ==============================
[0m23:14:06.509860 [info ] [MainThread]: Running with dbt=1.10.0
[0m23:14:06.510276 [debug] [MainThread]: running dbt with arguments {'printer_width': '80', 'indirect_selection': 'eager', 'write_json': 'True', 'log_cache_events': 'False', 'partial_parse': 'True', 'cache_selected_only': 'False', 'profiles_dir': 'dbt_project', 'version_check': 'True', 'warn_error': 'None', 'log_path': 'logs', 'fail_fast': 'False', 'debug': 'False', 'use_colors': 'True', 'use_experimental_parser': 'False', 'empty': 'None', 'quiet': 'False', 'no_print': 'None', 'log_format': 'default', 'invocation_command': 'dbt debug --profiles-dir dbt_project', 'introspect': 'True', 'static_parser': 'True', 'target_path': 'None', 'warn_error_options': 'WarnErrorOptionsV2(error=[], warn=[], silence=[])', 'send_anonymous_usage_stats': 'True'}
[0m23:14:06.522411 [info ] [MainThread]: dbt version: 1.10.0
[0m23:14:06.522773 [info ] [MainThread]: python version: 3.13.5
[0m23:14:06.522978 [info ] [MainThread]: python path: /opt/anaconda3/bin/python3.13
[0m23:14:06.523127 [info ] [MainThread]: os info: macOS-15.7.3-arm64-arm-64bit-Mach-O
[0m23:14:06.544305 [info ] [MainThread]: Using profiles dir at dbt_project
[0m23:14:06.544560 [info ] [MainThread]: Using profiles.yml file at dbt_project/profiles.yml
[0m23:14:06.544706 [info ] [MainThread]: Using dbt_project.yml file at /Users/denrobin0/Documents/data_learning/interview_work/data-testing-framework/dbt_project.yml
[0m23:14:06.544874 [info ] [MainThread]: Configuration:
[0m23:14:06.545004 [info ] [MainThread]:   profiles.yml file [[31mERROR invalid[0m]
[0m23:14:06.545129 [info ] [MainThread]:   dbt_project.yml file [[31mERROR not found[0m]
[0m23:14:06.545249 [info ] [MainThread]: Required dependencies:
[0m23:14:06.545526 [debug] [MainThread]: Executing "git --help"
[0m23:14:06.583401 [debug] [MainThread]: STDOUT: "b"usage: git [-v | --version] [-h | --help] [-C <path>] [-c <name>=<value>]\n           [--exec-path[=<path>]] [--html-path] [--man-path] [--info-path]\n           [-p | --paginate | -P | --no-pager] [--no-replace-objects] [--no-lazy-fetch]\n           [--no-optional-locks] [--no-advice] [--bare] [--git-dir=<path>]\n           [--work-tree=<path>] [--namespace=<name>] [--config-env=<name>=<envvar>]\n           <command> [<args>]\n\nThese are common Git commands used in various situations:\n\nstart a working area (see also: git help tutorial)\n   clone      Clone a repository into a new directory\n   init       Create an empty Git repository or reinitialize an existing one\n\nwork on the current change (see also: git help everyday)\n   add        Add file contents to the index\n   mv         Move or rename a file, a directory, or a symlink\n   restore    Restore working tree files\n   rm         Remove files from the working tree and from the index\n\nexamine the history and state (see also: git help revisions)\n   bisect     Use binary search to find the commit that introduced a bug\n   diff       Show changes between commits, commit and working tree, etc\n   grep       Print lines matching a pattern\n   log        Show commit logs\n   show       Show various types of objects\n   status     Show the working tree status\n\ngrow, mark and tweak your common history\n   backfill   Download missing objects in a partial clone\n   branch     List, create, or delete branches\n   commit     Record changes to the repository\n   merge      Join two or more development histories together\n   rebase     Reapply commits on top of another base tip\n   reset      Reset current HEAD to the specified state\n   switch     Switch branches\n   tag        Create, list, delete or verify a tag object signed with GPG\n\ncollaborate (see also: git help workflows)\n   fetch      Download objects and refs from another repository\n   pull       Fetch from and integrate with another repository or a local branch\n   push       Update remote refs along with associated objects\n\n'git help -a' and 'git help -g' list available subcommands and some\nconcept guides. See 'git help <command>' or 'git help <concept>'\nto read about a specific subcommand or concept.\nSee 'git help git' for an overview of the system.\n""
[0m23:14:06.583959 [debug] [MainThread]: STDERR: "b''"
[0m23:14:06.584143 [info ] [MainThread]:  - git [[32mOK found[0m]

[0m23:14:06.584316 [info ] [MainThread]: Connection test skipped since no profile was found
[0m23:14:06.584563 [info ] [MainThread]: [31m2 checks failed:[0m
[0m23:14:06.584709 [info ] [MainThread]: Could not load dbt_project.yml
Profile loading failed for the following reason:
Runtime Error
  Credentials in profile "default", target "dev" invalid: 'schemas_and_paths' is a required property


[0m23:14:06.584847 [info ] [MainThread]: Project loading failed for the following reason:
 project path </Users/denrobin0/Documents/data_learning/interview_work/data-testing-framework/dbt_project.yml> not found

[0m23:14:06.587302 [debug] [MainThread]: Resource report: {"command_name": "debug", "command_success": false, "command_wall_clock_time": 0.1663408, "process_in_blocks": "0", "process_kernel_time": 0.23654, "process_mem_max_rss": "118194176", "process_out_blocks": "0", "process_user_time": 0.765713}
[0m23:14:06.587821 [debug] [MainThread]: Command `dbt debug` failed at 23:14:06.587763 after 0.17 seconds
[0m23:14:06.588110 [debug] [MainThread]: Sending event: {'category': 'dbt', 'action': 'invocation', 'label': 'end', 'context': [<snowplow_tracker.self_describing_json.SelfDescribingJson object at 0x10678ac40>, <snowplow_tracker.self_describing_json.SelfDescribingJson object at 0x1065e3770>, <snowplow_tracker.self_describing_json.SelfDescribingJson object at 0x1067d27a0>]}
[0m23:14:06.588345 [debug] [MainThread]: Flushing usage events
[0m23:14:07.012664 [debug] [MainThread]: An error was encountered while trying to flush usage events
[0m18:17:41.768265 [debug] [MainThread]: Sending event: {'category': 'dbt', 'action': 'invocation', 'label': 'start', 'context': [<snowplow_tracker.self_describing_json.SelfDescribingJson object at 0x103f5e120>, <snowplow_tracker.self_describing_json.SelfDescribingJson object at 0x105caf890>, <snowplow_tracker.self_describing_json.SelfDescribingJson object at 0x105cafb10>]}


============================== 18:17:41.773291 | 74b1575e-6bfb-4941-8026-948654a0410c ==============================
[0m18:17:41.773291 [info ] [MainThread]: Running with dbt=1.10.0
[0m18:17:41.774027 [debug] [MainThread]: running dbt with arguments {'printer_width': '80', 'indirect_selection': 'eager', 'write_json': 'True', 'log_cache_events': 'False', 'partial_parse': 'True', 'cache_selected_only': 'False', 'profiles_dir': '/Users/denrobin0/.dbt', 'fail_fast': 'False', 'warn_error': 'None', 'log_path': 'logs', 'version_check': 'True', 'debug': 'False', 'use_colors': 'True', 'use_experimental_parser': 'False', 'empty': 'False', 'quiet': 'False', 'no_print': 'None', 'log_format': 'default', 'introspect': 'True', 'warn_error_options': 'WarnErrorOptionsV2(error=[], warn=[], silence=[])', 'invocation_command': 'dbt run --profile my_project_profile --target dev', 'target_path': 'None', 'static_parser': 'True', 'send_anonymous_usage_stats': 'True'}
[0m18:17:41.774649 [error] [MainThread]: Encountered an error:
Runtime Error
  No dbt_project.yml found at expected path /Users/denrobin0/Documents/data_learning/interview_work/data-testing-framework/dbt_project.yml
  Verify that each entry within packages.yml (and their transitive dependencies) contains a file named dbt_project.yml
  
[0m18:17:41.777101 [debug] [MainThread]: Resource report: {"command_name": "run", "command_success": false, "command_wall_clock_time": 0.32660782, "process_in_blocks": "0", "process_kernel_time": 0.183387, "process_mem_max_rss": "109002752", "process_out_blocks": "0", "process_user_time": 0.669745}
[0m18:17:41.777466 [debug] [MainThread]: Command `dbt run` failed at 18:17:41.777401 after 0.33 seconds
[0m18:17:41.777703 [debug] [MainThread]: Sending event: {'category': 'dbt', 'action': 'invocation', 'label': 'end', 'context': [<snowplow_tracker.self_describing_json.SelfDescribingJson object at 0x105cf9350>, <snowplow_tracker.self_describing_json.SelfDescribingJson object at 0x105d01490>, <snowplow_tracker.self_describing_json.SelfDescribingJson object at 0x1059ff790>]}
[0m18:17:41.777901 [debug] [MainThread]: Flushing usage events
[0m18:17:42.221162 [debug] [MainThread]: An error was encountered while trying to flush usage events
